<?xml version="1.0" encoding="UTF-8"?>
<!-- Generated by org.testng.reporters.JUnitXMLReporter -->
<testsuite ignored="3" hostname="Anjals-MBP.home" failures="0" tests="1" name="Simple Test" time="1.919" errors="0" timestamp="21 Jul 2019 14:41:28 GMT">
  <testcase classname="com.training.tests.herokuappTests.ForgotPasswordIT" name="ForgotPasswrod" time="1.767"/>
  <testcase classname="com.training.TestBase" name="@BeforeSuite instantiateDriverObject" time="0.0">
    <ignored/>
  </testcase> <!-- @BeforeSuite instantiateDriverObject -->
  <testcase classname="com.training.TestBase" name="@AfterSuite quitBrowser" time="0.0">
    <ignored/>
  </testcase> <!-- @AfterSuite quitBrowser -->
  <testcase classname="com.training.tests.gpstests.PhoneBuyingIT" name="addPhoneToCart" time="0.0">
    <ignored/>
  </testcase> <!-- addPhoneToCart -->
</testsuite> <!-- Simple Test -->
