<?xml version="1.0" encoding="UTF-8"?>
<!-- Generated by org.testng.reporters.JUnitXMLReporter -->
<testsuite ignored="2" hostname="Anjals-MBP.home" failures="0" tests="2" name="Simple Test" time="16.009" errors="0" timestamp="20 Jul 2019 01:31:41 GMT">
  <testcase classname="com.training.tests.gpstests.PhoneBuyingIT" name="addPhoneToCart" time="9.67"/>
  <testcase classname="com.training.tests.herokuappTests.ForgotPasswordIT" name="ForgotPasswrod" time="1.761"/>
  <testcase classname="com.training.TestBase" name="@BeforeSuite instantiateDriverObject" time="0.0">
    <ignored/>
  </testcase> <!-- @BeforeSuite instantiateDriverObject -->
  <testcase classname="com.training.TestBase" name="@AfterSuite quitBrowser" time="0.0">
    <ignored/>
  </testcase> <!-- @AfterSuite quitBrowser -->
</testsuite> <!-- Simple Test -->
